Search Term: 2024-11-01 | Search Type: searched by date | Timestamp: Wed Nov 06 21:47:03 CET 2024
Search Term: 2024-10-25 | Search Type: searched by date | Timestamp: Wed Nov 06 21:47:04 CET 2024
Search Term: 2024-09-15 | Search Type: searched by date | Timestamp: Wed Nov 06 21:47:05 CET 2024
Search Term: 2024-08-10 | Search Type: searched by date | Timestamp: Wed Nov 06 21:47:06 CET 2024
Search Term: 2024-07-05 | Search Type: searched by date | Timestamp: Wed Nov 06 21:47:07 CET 2024
Search Term: SolarPanel | Search Type: searched by equipment | Timestamp: Wed Nov 06 21:50:34 CET 2024
Search Term: WindTurbine | Search Type: searched by equipment | Timestamp: Wed Nov 06 21:50:36 CET 2024
Search Term: HydroGenerator | Search Type: searched by equipment | Timestamp: Wed Nov 06 21:50:37 CET 2024
Search Term: BatteryStorage | Search Type: searched by equipment | Timestamp: Wed Nov 06 21:50:39 CET 2024
Search Term: SolarInverter | Search Type: searched by equipment | Timestamp: Wed Nov 06 21:50:40 CET 2024
Search Term: SolarPanel | Search Type: searched by equipment | Timestamp: Wed Nov 06 21:52:09 CET 2024
Search Term: WindTurbine | Search Type: searched by equipment | Timestamp: Wed Nov 06 21:52:10 CET 2024
Search Term: HydroGenerator | Search Type: searched by equipment | Timestamp: Wed Nov 06 21:52:12 CET 2024
Search Term: BatteryStorage | Search Type: searched by equipment | Timestamp: Wed Nov 06 21:52:13 CET 2024
Search Term: SolarInverter | Search Type: searched by equipment | Timestamp: Wed Nov 06 21:52:15 CET 2024
Search Term: SolarPanel | Search Type: searched by equipment | Timestamp: Wed Nov 06 21:57:48 CET 2024
Search Term: BatteryStorage | Search Type: searched by equipment | Timestamp: Wed Nov 06 21:57:48 CET 2024
Search Term: HydroGenerator | Search Type: searched by equipment | Timestamp: Wed Nov 06 21:57:48 CET 2024
Search Term: SolarInverter | Search Type: searched by equipment | Timestamp: Wed Nov 06 21:57:48 CET 2024
Search Term: WindTurbine | Search Type: searched by equipment | Timestamp: Wed Nov 06 21:57:48 CET 2024
Search Term: SolarPanel | Search Type: searched by equipment | Timestamp: Wed Nov 06 22:06:37 CET 2024
Search Term: WindTurbine | Search Type: searched by equipment | Timestamp: Wed Nov 06 22:06:38 CET 2024
Search Term: HydroGenerator | Search Type: searched by equipment | Timestamp: Wed Nov 06 22:06:40 CET 2024
Search Term: BatteryStorage | Search Type: searched by equipment | Timestamp: Wed Nov 06 22:06:41 CET 2024
Search Term: SolarInverter | Search Type: searched by equipment | Timestamp: Wed Nov 06 22:06:43 CET 2024
